{"@t":"2022-09-04T13:28:30.0972207Z","@mt":"Seq {SeqVersion} running on OS {OSCaption}","SeqVersion":"2022.1.7929","OSCaption":"Linux 5.10.16.3-microsoft-standard-WSL2 #1 SMP Fri Apr 2 22:23:49 UTC 2021","SourceContext":"Seq.Server.Features.Diagnostics.EnvironmentInformationWriter"}
{"@t":"2022-09-04T13:28:30.1585694Z","@mt":"Seq detected {TotalRAM} MB of RAM","TotalRAM":13335.4496,"SourceContext":"Seq.Server.Features.Diagnostics.EnvironmentInformationWriter"}
{"@t":"2022-09-04T13:28:30.4448946Z","@mt":"Opening event store at {StreamPath}","StreamPath":"/data/Stream/stream.flare","SourceContext":"Flare.Cluster.StorageNodeCoordinator"}
{"@t":"2022-09-04T13:28:30.5083297Z","@mt":"Ingestion enabled","SourceContext":"Flare.Cluster.StorageNodeCoordinator"}
{"@t":"2022-09-04T13:28:30.5523158Z","@mt":"Opening metastore {MetastorePath}","MetastorePath":"/data/Documents/metastore.flare","SourceContext":"Quince.Storage.Native.NativeDocumentStore"}
{"@t":"2022-09-04T13:28:30.6049493Z","@mt":"Initializing a new metastore","SourceContext":"Quince.Storage.Native.NativeDocumentStore"}
{"@t":"2022-09-04T13:28:30.7725232Z","@mt":"Creating default workspace for {UserId}","UserId":"user-admin"}
{"@t":"2022-09-04T13:28:30.8591838Z","@mt":"Storage subsystem available"}
{"@t":"2022-09-04T13:28:30.9110759Z","@mt":"Seq listening on {ListenUris}","ListenUris":["http://localhost/","https://localhost/","http://localhost:5341/","https://localhost:45341/"]}
{"@t":"2022-09-04T13:29:30.9378357Z","@mt":"{CollectionCount} more generation 2 garbage collection(s) occurred","CollectionCount":1,"SourceContext":"Seq.Server.Features.Diagnostics.GCLogger"}
{"@t":"2022-09-04T13:29:36.2076268Z","@mt":"Termination signal received"}
{"@t":"2022-09-04T13:29:36.2257884Z","@mt":"Signalling for {Workers} worker task(s) to complete","Workers":3,"SourceContext":"Flare.Workers.WorkerPool"}
{"@t":"2022-09-04T13:29:36.5552887Z","@mt":"Work {WorkDescription} ({WorkId}) observed cancellation and completed","WorkDescription":"Manage event cache resources","WorkId":"4b4c2244-e088-4ecf-ba68-07e4e0f88669","SourceContext":"Flare.Workers.WorkerPool"}
{"@t":"2022-09-04T13:29:37.0045736Z","@mt":"Work {WorkDescription} ({WorkId}) observed cancellation and completed","WorkDescription":"Monitor alerts and trigger notifications","WorkId":"835abc85-e2e0-4bab-84d1-361835b1d9f4","SourceContext":"Flare.Workers.WorkerPool"}
{"@t":"2022-09-04T13:29:40.5530422Z","@mt":"Work {WorkDescription} ({WorkId}) observed cancellation and completed","WorkDescription":"Sample system memory","WorkId":"0ece584b-09f3-4940-8b8d-670578714c05","SourceContext":"Flare.Workers.WorkerPool"}
{"@t":"2022-09-04T13:29:40.6353542Z","@mt":"Stopping {Tasks} scheduled tasks","Tasks":15,"SourceContext":"Seq.Server.Tasks.TaskRunner"}
{"@t":"2022-09-04T13:29:40.6424605Z","@mt":"Stopping input channel","SourceContext":"Seq.Server.Features.Apps.Inputs.InputChannel"}
{"@t":"2022-09-04T13:29:40.9406025Z","@mt":"Shutting down input channel; {AcceptedCount} queued events will be written","AcceptedCount":0,"SourceContext":"Seq.Server.Features.Apps.Inputs.InputChannel"}
{"@t":"2022-09-04T13:29:40.9431987Z","@mt":"Stopping broadcast channel","SourceContext":"Flare.Broadcast.BroadcastChannel"}
{"@t":"2022-09-04T13:29:41.9362360Z","@mt":"Shutting down broadcast channel with {AllowableFlush} flushable event batches (+{Tolerance} tolerance)","AllowableFlush":0,"Tolerance":15,"SourceContext":"Flare.Broadcast.BroadcastChannel"}
{"@t":"2022-09-04T13:29:41.9394449Z","@mt":"Closing event store","SourceContext":"Flare.Cluster.StorageNodeCoordinator"}
{"@t":"2022-09-04T13:29:41.9424131Z","@mt":"Closing metastore","SourceContext":"Quince.Storage.Native.NativeDocumentStore"}
{"@t":"2022-09-04T13:29:41.9475840Z","@mt":"Server stopped cleanly"}
