[2022-09-04 16:07:15.963 +03:00  INF]  Applying migration ...
[2022-09-04 16:07:16.819 +03:00  INF]  Entity Framework Core 7.0.0-preview.7.22376.2 initialized 'ApplicationDbContext' using provider 'Microsoft.EntityFrameworkCore.SqlServer:7.0.0-preview.7.22376.2' with options: None
[2022-09-04 16:07:17.273 +03:00  INF]  Executed DbCommand (30ms) [Parameters=[], CommandType='"Text"', CommandTimeout='30']
SELECT 1
[2022-09-04 16:07:17.325 +03:00  INF]  Executed DbCommand (27ms) [Parameters=[], CommandType='"Text"', CommandTimeout='30']
SELECT OBJECT_ID(N'[__EFMigrationsHistory]');
[2022-09-04 16:07:17.329 +03:00  INF]  Executed DbCommand (2ms) [Parameters=[], CommandType='"Text"', CommandTimeout='30']
SELECT 1
[2022-09-04 16:07:17.330 +03:00  INF]  Executed DbCommand (0ms) [Parameters=[], CommandType='"Text"', CommandTimeout='30']
SELECT OBJECT_ID(N'[__EFMigrationsHistory]');
[2022-09-04 16:07:17.358 +03:00  INF]  Executed DbCommand (3ms) [Parameters=[], CommandType='"Text"', CommandTimeout='30']
SELECT [MigrationId], [ProductVersion]
FROM [__EFMigrationsHistory]
ORDER BY [MigrationId];
[2022-09-04 16:07:17.384 +03:00  INF]  No migrations were applied. The database is already up to date.
[2022-09-04 16:07:17.731 +03:00  INF]  Executed DbCommand (1ms) [Parameters=[], CommandType='"Text"', CommandTimeout='30']
SELECT CASE
    WHEN EXISTS (
        SELECT 1
        FROM [User] AS [u]) THEN CAST(1 AS bit)
    ELSE CAST(0 AS bit)
END
[2022-09-04 16:07:17.733 +03:00  INF]  Already have data - not seeding
[2022-09-04 16:07:18.027 +03:00  INF]  Now listening on: https://localhost:7183
[2022-09-04 16:07:18.027 +03:00  INF]  Now listening on: http://localhost:5019
[2022-09-04 16:07:18.028 +03:00  INF]  Application started. Press Ctrl+C to shut down.
[2022-09-04 16:07:18.029 +03:00  INF]  Hosting environment: Development
[2022-09-04 16:07:18.029 +03:00  INF]  Content root path: D:\Asp .Net Core\Projects\TaskManager\Backend\TaskManager\TaskManager.Api\
[2022-09-04 16:07:18.941 +03:00  INF]  Request starting HTTP/2 GET https://localhost:7183/swagger - -
[2022-09-04 16:07:19.037 +03:00  INF]  Request finished HTTP/2 GET https://localhost:7183/swagger - - - 301 0 - 100.3038ms
[2022-09-04 16:07:19.046 +03:00  INF]  Request starting HTTP/2 GET https://localhost:7183/swagger/index.html - -
[2022-09-04 16:07:19.209 +03:00  INF]  Request starting HTTP/2 GET https://localhost:7183/swagger/swagger-ui-bundle.js - -
[2022-09-04 16:07:19.209 +03:00  INF]  Request starting HTTP/2 GET https://localhost:7183/_framework/aspnetcore-browser-refresh.js - -
[2022-09-04 16:07:19.209 +03:00  INF]  Request starting HTTP/2 GET https://localhost:7183/swagger/swagger-ui-standalone-preset.js - -
[2022-09-04 16:07:19.211 +03:00  INF]  Request starting HTTP/2 GET https://localhost:7183/swagger/swagger-ui.css - -
[2022-09-04 16:07:19.217 +03:00  INF]  Request starting HTTP/2 GET https://localhost:7183/_vs/browserLink - -
[2022-09-04 16:07:19.236 +03:00  INF]  Request finished HTTP/2 GET https://localhost:7183/swagger/index.html - - - 200 - text/html;charset=utf-8 190.1465ms
[2022-09-04 16:07:19.244 +03:00  INF]  Request finished HTTP/2 GET https://localhost:7183/_framework/aspnetcore-browser-refresh.js - - - 200 12000 application/javascript;+charset=utf-8 35.2115ms
[2022-09-04 16:07:19.264 +03:00  INF]  Sending file. Request path: '/swagger-ui.css'. Physical path: 'N/A'
[2022-09-04 16:07:19.268 +03:00  INF]  Request finished HTTP/2 GET https://localhost:7183/swagger/swagger-ui.css - - - 200 143943 text/css 54.7113ms
[2022-09-04 16:07:19.289 +03:00  INF]  Sending file. Request path: '/swagger-ui-standalone-preset.js'. Physical path: 'N/A'
[2022-09-04 16:07:19.290 +03:00  INF]  Request finished HTTP/2 GET https://localhost:7183/swagger/swagger-ui-standalone-preset.js - - - 200 339486 application/javascript 80.3593ms
[2022-09-04 16:07:19.290 +03:00  INF]  Sending file. Request path: '/swagger-ui-bundle.js'. Physical path: 'N/A'
[2022-09-04 16:07:19.290 +03:00  INF]  Request finished HTTP/2 GET https://localhost:7183/swagger/swagger-ui-bundle.js - - - 200 1096145 application/javascript 81.5266ms
[2022-09-04 16:07:19.295 +03:00  INF]  Request finished HTTP/2 GET https://localhost:7183/_vs/browserLink - - - 200 - text/javascript;+charset=UTF-8 77.9120ms
[2022-09-04 16:07:19.550 +03:00  INF]  Request starting HTTP/2 GET https://localhost:7183/swagger/v1/swagger.json - -
[2022-09-04 16:07:19.681 +03:00  INF]  Request finished HTTP/2 GET https://localhost:7183/swagger/v1/swagger.json - - - 200 - application/json;charset=utf-8 131.2686ms
[2022-09-04 16:07:32.311 +03:00  INF]  Request starting HTTP/2 GET https://localhost:7183/api/Task - -
[2022-09-04 16:07:32.329 +03:00  INF]  Executing endpoint 'TaskManager.Controllers.TaskController.GetTasksAsync (TaskManager.Api)'
[2022-09-04 16:07:32.348 +03:00  INF]  Route matched with {action = "GetTasks", controller = "Task"}. Executing controller action with signature System.Threading.Tasks.Task`1[Microsoft.AspNetCore.Mvc.IActionResult] GetTasksAsync() on controller TaskManager.Controllers.TaskController (TaskManager.Api).
[2022-09-04 16:07:32.356 +03:00  INF]  Entity Framework Core 7.0.0-preview.7.22376.2 initialized 'ApplicationDbContext' using provider 'Microsoft.EntityFrameworkCore.SqlServer:7.0.0-preview.7.22376.2' with options: None
[2022-09-04 16:07:32.672 +03:00  INF]  Executed DbCommand (56ms) [Parameters=[@__userId_0='?' (Size = 450)], CommandType='"Text"', CommandTimeout='30']
SELECT [t].[Id], [t].[CreatedTime], [t].[Email], [t].[Password], [t].[Username], [t0].[Id], [t0].[CreatedTime], [t0].[Description], [t0].[ExpirationTime], [t0].[Title], [t0].[UserId]
FROM (
    SELECT TOP(1) [u].[Id], [u].[CreatedTime], [u].[Email], [u].[Password], [u].[Username]
    FROM [User] AS [u]
    WHERE [u].[Id] = @__userId_0
) AS [t]
LEFT JOIN [Task] AS [t0] ON [t].[Id] = [t0].[UserId]
ORDER BY [t].[Id]
[2022-09-04 16:07:32.793 +03:00  INF]  Executing OkObjectResult, writing value of type 'System.Linq.Enumerable+SelectEnumerableIterator`2[[Entities.TaskEntity, Entities, Version=1.0.0.0, Culture=neutral, PublicKeyToken=null],[TaskManager.ViewModels.TaskViewModel, ViewModels, Version=1.0.0.0, Culture=neutral, PublicKeyToken=null]]'.
[2022-09-04 16:07:32.819 +03:00  INF]  Executed action TaskManager.Controllers.TaskController.GetTasksAsync (TaskManager.Api) in 465.6951ms
[2022-09-04 16:07:32.821 +03:00  INF]  Executed endpoint 'TaskManager.Controllers.TaskController.GetTasksAsync (TaskManager.Api)'
[2022-09-04 16:07:32.831 +03:00  INF]  Request finished HTTP/2 GET https://localhost:7183/api/Task - - - 200 - application/json;+charset=utf-8 520.5208ms
[2022-09-04 16:08:00.531 +03:00  INF]  Request starting HTTP/2 DELETE https://localhost:7183/api/Task/cc883e47-5 - -
[2022-09-04 16:08:00.533 +03:00  INF]  Executing endpoint 'TaskManager.Controllers.TaskController.DeleteTaskAsync (TaskManager.Api)'
[2022-09-04 16:08:00.544 +03:00  INF]  Route matched with {action = "DeleteTask", controller = "Task"}. Executing controller action with signature System.Threading.Tasks.Task`1[Microsoft.AspNetCore.Mvc.ActionResult] DeleteTaskAsync(System.String) on controller TaskManager.Controllers.TaskController (TaskManager.Api).
[2022-09-04 16:08:00.604 +03:00  INF]  Entity Framework Core 7.0.0-preview.7.22376.2 initialized 'ApplicationDbContext' using provider 'Microsoft.EntityFrameworkCore.SqlServer:7.0.0-preview.7.22376.2' with options: None
[2022-09-04 16:08:00.612 +03:00  INF]  Executed DbCommand (3ms) [Parameters=[@__userId_0='?' (Size = 450)], CommandType='"Text"', CommandTimeout='30']
SELECT [t].[Id], [t].[CreatedTime], [t].[Email], [t].[Password], [t].[Username], [t0].[Id], [t0].[CreatedTime], [t0].[Description], [t0].[ExpirationTime], [t0].[Title], [t0].[UserId]
FROM (
    SELECT TOP(1) [u].[Id], [u].[CreatedTime], [u].[Email], [u].[Password], [u].[Username]
    FROM [User] AS [u]
    WHERE [u].[Id] = @__userId_0
) AS [t]
LEFT JOIN [Task] AS [t0] ON [t].[Id] = [t0].[UserId]
ORDER BY [t].[Id]
[2022-09-04 16:08:00.698 +03:00  ERR]  Can not delete task with index: cc883e47-5
[2022-09-04 16:08:00.775 +03:00  ERR]  Can not delete task with index: cc883e47-5
[2022-09-04 16:08:00.777 +03:00  INF]  Executing ObjectResult, writing value of type 'Microsoft.AspNetCore.Mvc.ProblemDetails'.
[2022-09-04 16:08:00.778 +03:00  INF]  Executed action TaskManager.Controllers.TaskController.DeleteTaskAsync (TaskManager.Api) in 234.2371ms
[2022-09-04 16:08:00.778 +03:00  INF]  Executed endpoint 'TaskManager.Controllers.TaskController.DeleteTaskAsync (TaskManager.Api)'
[2022-09-04 16:08:00.778 +03:00  INF]  Request finished HTTP/2 DELETE https://localhost:7183/api/Task/cc883e47-5 - - - 400 - application/problem+json;+charset=utf-8 246.8194ms
[2022-09-04 16:08:53.617 +03:00  INF]  Request starting HTTP/2 GET https://localhost:7183/api/Task/21 - -
[2022-09-04 16:08:53.618 +03:00  INF]  Executing endpoint 'TaskManager.Controllers.TaskController.GetTaskAsync (TaskManager.Api)'
[2022-09-04 16:08:53.634 +03:00  INF]  Route matched with {action = "GetTask", controller = "Task"}. Executing controller action with signature System.Threading.Tasks.Task`1[Microsoft.AspNetCore.Mvc.IActionResult] GetTaskAsync(System.String) on controller TaskManager.Controllers.TaskController (TaskManager.Api).
[2022-09-04 16:08:53.640 +03:00  INF]  Entity Framework Core 7.0.0-preview.7.22376.2 initialized 'ApplicationDbContext' using provider 'Microsoft.EntityFrameworkCore.SqlServer:7.0.0-preview.7.22376.2' with options: None
[2022-09-04 16:08:53.643 +03:00  INF]  Executed DbCommand (3ms) [Parameters=[@__userId_0='?' (Size = 450)], CommandType='"Text"', CommandTimeout='30']
SELECT [t].[Id], [t].[CreatedTime], [t].[Email], [t].[Password], [t].[Username], [t0].[Id], [t0].[CreatedTime], [t0].[Description], [t0].[ExpirationTime], [t0].[Title], [t0].[UserId]
FROM (
    SELECT TOP(1) [u].[Id], [u].[CreatedTime], [u].[Email], [u].[Password], [u].[Username]
    FROM [User] AS [u]
    WHERE [u].[Id] = @__userId_0
) AS [t]
LEFT JOIN [Task] AS [t0] ON [t].[Id] = [t0].[UserId]
ORDER BY [t].[Id]
[2022-09-04 16:08:53.707 +03:00  ERR]  Can not find task with index: 21
[2022-09-04 16:08:53.771 +03:00  ERR]  Can not get tasks with index: 21
[2022-09-04 16:08:53.771 +03:00  INF]  Executing ObjectResult, writing value of type 'Microsoft.AspNetCore.Mvc.ProblemDetails'.
[2022-09-04 16:08:53.772 +03:00  INF]  Executed action TaskManager.Controllers.TaskController.GetTaskAsync (TaskManager.Api) in 137.2024ms
[2022-09-04 16:08:53.772 +03:00  INF]  Executed endpoint 'TaskManager.Controllers.TaskController.GetTaskAsync (TaskManager.Api)'
[2022-09-04 16:08:53.772 +03:00  INF]  Request finished HTTP/2 GET https://localhost:7183/api/Task/21 - - - 404 - application/problem+json;+charset=utf-8 154.4369ms
[2022-09-04 16:09:27.438 +03:00  INF]  Applying migration ...
[2022-09-04 16:09:28.276 +03:00  INF]  Entity Framework Core 7.0.0-preview.7.22376.2 initialized 'ApplicationDbContext' using provider 'Microsoft.EntityFrameworkCore.SqlServer:7.0.0-preview.7.22376.2' with options: None
[2022-09-04 16:09:28.708 +03:00  INF]  Executed DbCommand (28ms) [Parameters=[], CommandType='"Text"', CommandTimeout='30']
SELECT 1
[2022-09-04 16:09:28.757 +03:00  INF]  Executed DbCommand (28ms) [Parameters=[], CommandType='"Text"', CommandTimeout='30']
SELECT OBJECT_ID(N'[__EFMigrationsHistory]');
[2022-09-04 16:09:28.759 +03:00  INF]  Executed DbCommand (1ms) [Parameters=[], CommandType='"Text"', CommandTimeout='30']
SELECT 1
[2022-09-04 16:09:28.760 +03:00  INF]  Executed DbCommand (0ms) [Parameters=[], CommandType='"Text"', CommandTimeout='30']
SELECT OBJECT_ID(N'[__EFMigrationsHistory]');
[2022-09-04 16:09:28.783 +03:00  INF]  Executed DbCommand (3ms) [Parameters=[], CommandType='"Text"', CommandTimeout='30']
SELECT [MigrationId], [ProductVersion]
FROM [__EFMigrationsHistory]
ORDER BY [MigrationId];
[2022-09-04 16:09:28.803 +03:00  INF]  No migrations were applied. The database is already up to date.
[2022-09-04 16:09:29.120 +03:00  INF]  Executed DbCommand (1ms) [Parameters=[], CommandType='"Text"', CommandTimeout='30']
SELECT CASE
    WHEN EXISTS (
        SELECT 1
        FROM [User] AS [u]) THEN CAST(1 AS bit)
    ELSE CAST(0 AS bit)
END
[2022-09-04 16:09:29.123 +03:00  INF]  Already have data - not seeding
[2022-09-04 16:09:29.384 +03:00  INF]  Now listening on: https://localhost:7183
[2022-09-04 16:09:29.384 +03:00  INF]  Now listening on: http://localhost:5019
[2022-09-04 16:09:29.384 +03:00  INF]  Application started. Press Ctrl+C to shut down.
[2022-09-04 16:09:29.385 +03:00  INF]  Hosting environment: Development
[2022-09-04 16:09:29.385 +03:00  INF]  Content root path: D:\Asp .Net Core\Projects\TaskManager\Backend\TaskManager\TaskManager.Api\
[2022-09-04 16:09:30.605 +03:00  INF]  Request starting HTTP/2 GET https://localhost:7183/swagger - -
[2022-09-04 16:09:30.710 +03:00  INF]  Request finished HTTP/2 GET https://localhost:7183/swagger - - - 301 0 - 108.7491ms
[2022-09-04 16:09:30.721 +03:00  INF]  Request starting HTTP/2 GET https://localhost:7183/swagger/index.html - -
[2022-09-04 16:09:30.872 +03:00  INF]  Request starting HTTP/2 GET https://localhost:7183/swagger/swagger-ui.css - -
[2022-09-04 16:09:30.872 +03:00  INF]  Request starting HTTP/2 GET https://localhost:7183/swagger/swagger-ui-bundle.js - -
[2022-09-04 16:09:30.873 +03:00  INF]  Request starting HTTP/2 GET https://localhost:7183/swagger/swagger-ui-standalone-preset.js - -
[2022-09-04 16:09:30.873 +03:00  INF]  Request starting HTTP/2 GET https://localhost:7183/_framework/aspnetcore-browser-refresh.js - -
[2022-09-04 16:09:30.873 +03:00  INF]  Request starting HTTP/2 GET https://localhost:7183/_vs/browserLink - -
[2022-09-04 16:09:30.880 +03:00  INF]  Request finished HTTP/2 GET https://localhost:7183/swagger/index.html - - - 200 - text/html;charset=utf-8 157.5189ms
[2022-09-04 16:09:30.884 +03:00  INF]  Request finished HTTP/2 GET https://localhost:7183/_framework/aspnetcore-browser-refresh.js - - - 200 12000 application/javascript;+charset=utf-8 11.3887ms
[2022-09-04 16:09:30.899 +03:00  INF]  Sending file. Request path: '/swagger-ui.css'. Physical path: 'N/A'
[2022-09-04 16:09:30.899 +03:00  INF]  Sending file. Request path: '/swagger-ui-standalone-preset.js'. Physical path: 'N/A'
[2022-09-04 16:09:30.923 +03:00  INF]  Request finished HTTP/2 GET https://localhost:7183/swagger/swagger-ui.css - - - 200 143943 text/css 50.6480ms
[2022-09-04 16:09:30.923 +03:00  INF]  Request finished HTTP/2 GET https://localhost:7183/swagger/swagger-ui-standalone-preset.js - - - 200 339486 application/javascript 50.2326ms
[2022-09-04 16:09:30.933 +03:00  INF]  Sending file. Request path: '/swagger-ui-bundle.js'. Physical path: 'N/A'
[2022-09-04 16:09:30.933 +03:00  INF]  Request finished HTTP/2 GET https://localhost:7183/swagger/swagger-ui-bundle.js - - - 200 1096145 application/javascript 60.7025ms
[2022-09-04 16:09:30.933 +03:00  INF]  Request finished HTTP/2 GET https://localhost:7183/_vs/browserLink - - - 200 - text/javascript;+charset=UTF-8 59.9570ms
[2022-09-04 16:09:31.131 +03:00  INF]  Request starting HTTP/2 GET https://localhost:7183/swagger/v1/swagger.json - -
[2022-09-04 16:09:31.255 +03:00  INF]  Request finished HTTP/2 GET https://localhost:7183/swagger/v1/swagger.json - - - 200 - application/json;charset=utf-8 124.0448ms
[2022-09-04 16:09:41.915 +03:00  INF]  Request starting HTTP/2 DELETE https://localhost:7183/api/Task/e - -
[2022-09-04 16:09:41.924 +03:00  INF]  Executing endpoint 'TaskManager.Controllers.TaskController.DeleteTaskAsync (TaskManager.Api)'
[2022-09-04 16:09:41.952 +03:00  INF]  Route matched with {action = "DeleteTask", controller = "Task"}. Executing controller action with signature System.Threading.Tasks.Task`1[Microsoft.AspNetCore.Mvc.ActionResult] DeleteTaskAsync(System.String) on controller TaskManager.Controllers.TaskController (TaskManager.Api).
[2022-09-04 16:09:41.979 +03:00  INF]  Entity Framework Core 7.0.0-preview.7.22376.2 initialized 'ApplicationDbContext' using provider 'Microsoft.EntityFrameworkCore.SqlServer:7.0.0-preview.7.22376.2' with options: None
[2022-09-04 16:09:42.281 +03:00  INF]  Executed DbCommand (57ms) [Parameters=[@__userId_0='?' (Size = 450)], CommandType='"Text"', CommandTimeout='30']
SELECT [t].[Id], [t].[CreatedTime], [t].[Email], [t].[Password], [t].[Username], [t0].[Id], [t0].[CreatedTime], [t0].[Description], [t0].[ExpirationTime], [t0].[Title], [t0].[UserId]
FROM (
    SELECT TOP(1) [u].[Id], [u].[CreatedTime], [u].[Email], [u].[Password], [u].[Username]
    FROM [User] AS [u]
    WHERE [u].[Id] = @__userId_0
) AS [t]
LEFT JOIN [Task] AS [t0] ON [t].[Id] = [t0].[UserId]
ORDER BY [t].[Id]
[2022-09-04 16:09:42.467 +03:00  ERR]  Can not delete task with index: e
[2022-09-04 16:09:42.529 +03:00  ERR]  Can not delete task with index: e
[2022-09-04 16:09:42.537 +03:00  INF]  Executing ObjectResult, writing value of type 'Microsoft.AspNetCore.Mvc.ProblemDetails'.
[2022-09-04 16:09:42.545 +03:00  INF]  Executed action TaskManager.Controllers.TaskController.DeleteTaskAsync (TaskManager.Api) in 587.4081ms
[2022-09-04 16:09:42.546 +03:00  INF]  Executed endpoint 'TaskManager.Controllers.TaskController.DeleteTaskAsync (TaskManager.Api)'
[2022-09-04 16:09:42.556 +03:00  INF]  Request finished HTTP/2 DELETE https://localhost:7183/api/Task/e - - - 400 - application/problem+json;+charset=utf-8 641.1643ms
[2022-09-04 16:25:57.563 +03:00  INF]  Applying migration ...
[2022-09-04 16:25:58.451 +03:00  INF]  Entity Framework Core 7.0.0-preview.7.22376.2 initialized 'ApplicationDbContext' using provider 'Microsoft.EntityFrameworkCore.SqlServer:7.0.0-preview.7.22376.2' with options: None
[2022-09-04 16:25:58.891 +03:00  INF]  Executed DbCommand (30ms) [Parameters=[], CommandType='"Text"', CommandTimeout='30']
SELECT 1
[2022-09-04 16:25:58.933 +03:00  INF]  Executed DbCommand (23ms) [Parameters=[], CommandType='"Text"', CommandTimeout='30']
SELECT OBJECT_ID(N'[__EFMigrationsHistory]');
[2022-09-04 16:25:58.936 +03:00  INF]  Executed DbCommand (1ms) [Parameters=[], CommandType='"Text"', CommandTimeout='30']
SELECT 1
[2022-09-04 16:25:58.937 +03:00  INF]  Executed DbCommand (0ms) [Parameters=[], CommandType='"Text"', CommandTimeout='30']
SELECT OBJECT_ID(N'[__EFMigrationsHistory]');
[2022-09-04 16:25:58.961 +03:00  INF]  Executed DbCommand (3ms) [Parameters=[], CommandType='"Text"', CommandTimeout='30']
SELECT [MigrationId], [ProductVersion]
FROM [__EFMigrationsHistory]
ORDER BY [MigrationId];
[2022-09-04 16:25:58.982 +03:00  INF]  No migrations were applied. The database is already up to date.
[2022-09-04 16:25:59.299 +03:00  INF]  Executed DbCommand (1ms) [Parameters=[], CommandType='"Text"', CommandTimeout='30']
SELECT CASE
    WHEN EXISTS (
        SELECT 1
        FROM [User] AS [u]) THEN CAST(1 AS bit)
    ELSE CAST(0 AS bit)
END
[2022-09-04 16:25:59.302 +03:00  INF]  Already have data - not seeding
[2022-09-04 16:25:59.558 +03:00  INF]  Now listening on: https://localhost:7183
[2022-09-04 16:25:59.558 +03:00  INF]  Now listening on: http://localhost:5019
[2022-09-04 16:25:59.559 +03:00  INF]  Application started. Press Ctrl+C to shut down.
[2022-09-04 16:25:59.559 +03:00  INF]  Hosting environment: Development
[2022-09-04 16:25:59.559 +03:00  INF]  Content root path: D:\Asp .Net Core\Projects\TaskManager\Backend\TaskManager\TaskManager.Api\
[2022-09-04 16:26:00.638 +03:00  INF]  Request starting HTTP/2 GET https://localhost:7183/swagger - -
[2022-09-04 16:26:00.717 +03:00  INF]  Request finished HTTP/2 GET https://localhost:7183/swagger - - - 301 0 - 81.4580ms
[2022-09-04 16:26:00.738 +03:00  INF]  Request starting HTTP/2 GET https://localhost:7183/swagger/index.html - -
[2022-09-04 16:26:00.880 +03:00  INF]  Request starting HTTP/2 GET https://localhost:7183/swagger/swagger-ui-bundle.js - -
[2022-09-04 16:26:00.880 +03:00  INF]  Request starting HTTP/2 GET https://localhost:7183/swagger/swagger-ui.css - -
[2022-09-04 16:26:00.881 +03:00  INF]  Request starting HTTP/2 GET https://localhost:7183/_vs/browserLink - -
[2022-09-04 16:26:00.881 +03:00  INF]  Request starting HTTP/2 GET https://localhost:7183/swagger/swagger-ui-standalone-preset.js - -
[2022-09-04 16:26:00.881 +03:00  INF]  Request starting HTTP/2 GET https://localhost:7183/_framework/aspnetcore-browser-refresh.js - -
[2022-09-04 16:26:00.887 +03:00  INF]  Request finished HTTP/2 GET https://localhost:7183/swagger/index.html - - - 200 - text/html;charset=utf-8 148.7162ms
[2022-09-04 16:26:00.891 +03:00  INF]  Request finished HTTP/2 GET https://localhost:7183/_framework/aspnetcore-browser-refresh.js - - - 200 12000 application/javascript;+charset=utf-8 9.5459ms
[2022-09-04 16:26:00.913 +03:00  INF]  Sending file. Request path: '/swagger-ui.css'. Physical path: 'N/A'
[2022-09-04 16:26:00.913 +03:00  INF]  Sending file. Request path: '/swagger-ui-standalone-preset.js'. Physical path: 'N/A'
[2022-09-04 16:26:00.933 +03:00  INF]  Request finished HTTP/2 GET https://localhost:7183/swagger/swagger-ui.css - - - 200 143943 text/css 52.7701ms
[2022-09-04 16:26:00.933 +03:00  INF]  Request finished HTTP/2 GET https://localhost:7183/swagger/swagger-ui-standalone-preset.js - - - 200 339486 application/javascript 52.1669ms
[2022-09-04 16:26:00.943 +03:00  INF]  Sending file. Request path: '/swagger-ui-bundle.js'. Physical path: 'N/A'
[2022-09-04 16:26:00.943 +03:00  INF]  Request finished HTTP/2 GET https://localhost:7183/swagger/swagger-ui-bundle.js - - - 200 1096145 application/javascript 62.8640ms
[2022-09-04 16:26:00.945 +03:00  INF]  Request finished HTTP/2 GET https://localhost:7183/_vs/browserLink - - - 200 - text/javascript;+charset=UTF-8 63.7277ms
[2022-09-04 16:26:01.136 +03:00  INF]  Request starting HTTP/2 GET https://localhost:7183/swagger/v1/swagger.json - -
[2022-09-04 16:26:01.259 +03:00  INF]  Request finished HTTP/2 GET https://localhost:7183/swagger/v1/swagger.json - - - 200 - application/json;charset=utf-8 122.7072ms
[2022-09-04 16:26:04.148 +03:00  INF]  Request starting HTTP/2 GET https://localhost:7183/api/Task - -
[2022-09-04 16:26:04.158 +03:00  INF]  Executing endpoint 'TaskManager.Controllers.TaskController.GetTasksAsync (TaskManager.Api)'
[2022-09-04 16:26:04.177 +03:00  INF]  Route matched with {action = "GetTasks", controller = "Task"}. Executing controller action with signature System.Threading.Tasks.Task`1[Microsoft.AspNetCore.Mvc.IActionResult] GetTasksAsync() on controller TaskManager.Controllers.TaskController (TaskManager.Api).
[2022-09-04 16:26:04.185 +03:00  INF]  Entity Framework Core 7.0.0-preview.7.22376.2 initialized 'ApplicationDbContext' using provider 'Microsoft.EntityFrameworkCore.SqlServer:7.0.0-preview.7.22376.2' with options: None
[2022-09-04 16:26:04.496 +03:00  INF]  Executed DbCommand (56ms) [Parameters=[@__userId_0='?' (Size = 450)], CommandType='"Text"', CommandTimeout='30']
SELECT [t].[Id], [t].[CreatedTime], [t].[Email], [t].[Password], [t].[Username], [t0].[Id], [t0].[CreatedTime], [t0].[Description], [t0].[ExpirationTime], [t0].[Title], [t0].[UserId]
FROM (
    SELECT TOP(1) [u].[Id], [u].[CreatedTime], [u].[Email], [u].[Password], [u].[Username]
    FROM [User] AS [u]
    WHERE [u].[Id] = @__userId_0
) AS [t]
LEFT JOIN [Task] AS [t0] ON [t].[Id] = [t0].[UserId]
ORDER BY [t].[Id]
[2022-09-04 16:26:04.628 +03:00  INF]  Executing OkObjectResult, writing value of type 'System.Linq.Enumerable+SelectEnumerableIterator`2[[Entities.TaskEntity, Entities, Version=1.0.0.0, Culture=neutral, PublicKeyToken=null],[TaskManager.ViewModels.TaskViewModel, ViewModels, Version=1.0.0.0, Culture=neutral, PublicKeyToken=null]]'.
[2022-09-04 16:26:04.650 +03:00  INF]  Executed action TaskManager.Controllers.TaskController.GetTasksAsync (TaskManager.Api) in 467.4379ms
[2022-09-04 16:26:04.651 +03:00  INF]  Executed endpoint 'TaskManager.Controllers.TaskController.GetTasksAsync (TaskManager.Api)'
[2022-09-04 16:26:04.661 +03:00  INF]  Request finished HTTP/2 GET https://localhost:7183/api/Task - - - 200 - application/json;+charset=utf-8 512.3726ms
[2022-09-04 16:26:22.751 +03:00  INF]  Request starting HTTP/2 GET https://localhost:7183/api/Task/3 - -
[2022-09-04 16:26:22.752 +03:00  INF]  Executing endpoint 'TaskManager.Controllers.TaskController.GetTaskAsync (TaskManager.Api)'
[2022-09-04 16:26:22.762 +03:00  INF]  Route matched with {action = "GetTask", controller = "Task"}. Executing controller action with signature System.Threading.Tasks.Task`1[Microsoft.AspNetCore.Mvc.IActionResult] GetTaskAsync(System.String) on controller TaskManager.Controllers.TaskController (TaskManager.Api).
[2022-09-04 16:26:22.823 +03:00  INF]  Entity Framework Core 7.0.0-preview.7.22376.2 initialized 'ApplicationDbContext' using provider 'Microsoft.EntityFrameworkCore.SqlServer:7.0.0-preview.7.22376.2' with options: None
[2022-09-04 16:26:22.830 +03:00  INF]  Executed DbCommand (4ms) [Parameters=[@__userId_0='?' (Size = 450)], CommandType='"Text"', CommandTimeout='30']
SELECT [t].[Id], [t].[CreatedTime], [t].[Email], [t].[Password], [t].[Username], [t0].[Id], [t0].[CreatedTime], [t0].[Description], [t0].[ExpirationTime], [t0].[Title], [t0].[UserId]
FROM (
    SELECT TOP(1) [u].[Id], [u].[CreatedTime], [u].[Email], [u].[Password], [u].[Username]
    FROM [User] AS [u]
    WHERE [u].[Id] = @__userId_0
) AS [t]
LEFT JOIN [Task] AS [t0] ON [t].[Id] = [t0].[UserId]
ORDER BY [t].[Id]
[2022-09-04 16:26:22.922 +03:00  ERR]  Can not find task with index: 3
[2022-09-04 16:26:22.989 +03:00  ERR]  Can not get tasks with index: 3
[2022-09-04 16:26:22.991 +03:00  INF]  Executing ObjectResult, writing value of type 'Microsoft.AspNetCore.Mvc.ProblemDetails'.
[2022-09-04 16:26:22.991 +03:00  INF]  Executed action TaskManager.Controllers.TaskController.GetTaskAsync (TaskManager.Api) in 228.8242ms
[2022-09-04 16:26:22.991 +03:00  INF]  Executed endpoint 'TaskManager.Controllers.TaskController.GetTaskAsync (TaskManager.Api)'
[2022-09-04 16:26:22.991 +03:00  INF]  Request finished HTTP/2 GET https://localhost:7183/api/Task/3 - - - 404 - application/problem+json;+charset=utf-8 240.8002ms
[2022-09-04 16:28:43.042 +03:00  INF]  Applying migration ...
[2022-09-04 16:28:43.953 +03:00  INF]  Entity Framework Core 7.0.0-preview.7.22376.2 initialized 'ApplicationDbContext' using provider 'Microsoft.EntityFrameworkCore.SqlServer:7.0.0-preview.7.22376.2' with options: None
[2022-09-04 16:28:44.379 +03:00  INF]  Executed DbCommand (29ms) [Parameters=[], CommandType='"Text"', CommandTimeout='30']
SELECT 1
[2022-09-04 16:28:44.422 +03:00  INF]  Executed DbCommand (23ms) [Parameters=[], CommandType='"Text"', CommandTimeout='30']
SELECT OBJECT_ID(N'[__EFMigrationsHistory]');
[2022-09-04 16:28:44.425 +03:00  INF]  Executed DbCommand (1ms) [Parameters=[], CommandType='"Text"', CommandTimeout='30']
SELECT 1
[2022-09-04 16:28:44.425 +03:00  INF]  Executed DbCommand (0ms) [Parameters=[], CommandType='"Text"', CommandTimeout='30']
SELECT OBJECT_ID(N'[__EFMigrationsHistory]');
[2022-09-04 16:28:44.449 +03:00  INF]  Executed DbCommand (3ms) [Parameters=[], CommandType='"Text"', CommandTimeout='30']
SELECT [MigrationId], [ProductVersion]
FROM [__EFMigrationsHistory]
ORDER BY [MigrationId];
[2022-09-04 16:28:44.470 +03:00  INF]  No migrations were applied. The database is already up to date.
[2022-09-04 16:28:44.803 +03:00  INF]  Executed DbCommand (1ms) [Parameters=[], CommandType='"Text"', CommandTimeout='30']
SELECT CASE
    WHEN EXISTS (
        SELECT 1
        FROM [User] AS [u]) THEN CAST(1 AS bit)
    ELSE CAST(0 AS bit)
END
[2022-09-04 16:28:44.805 +03:00  INF]  Already have data - not seeding
[2022-09-04 16:28:45.100 +03:00  INF]  Now listening on: https://localhost:7183
[2022-09-04 16:28:45.100 +03:00  INF]  Now listening on: http://localhost:5019
[2022-09-04 16:28:45.101 +03:00  INF]  Application started. Press Ctrl+C to shut down.
[2022-09-04 16:28:45.101 +03:00  INF]  Hosting environment: Development
[2022-09-04 16:28:45.101 +03:00  INF]  Content root path: D:\Asp .Net Core\Projects\TaskManager\Backend\TaskManager\TaskManager.Api\
[2022-09-04 16:28:46.063 +03:00  INF]  Request starting HTTP/2 GET https://localhost:7183/swagger - -
[2022-09-04 16:28:46.140 +03:00  INF]  Request finished HTTP/2 GET https://localhost:7183/swagger - - - 301 0 - 81.5621ms
[2022-09-04 16:28:46.145 +03:00  INF]  Request starting HTTP/2 GET https://localhost:7183/swagger/index.html - -
[2022-09-04 16:28:46.308 +03:00  INF]  Request starting HTTP/2 GET https://localhost:7183/_framework/aspnetcore-browser-refresh.js - -
[2022-09-04 16:28:46.308 +03:00  INF]  Request starting HTTP/2 GET https://localhost:7183/swagger/swagger-ui-bundle.js - -
[2022-09-04 16:28:46.308 +03:00  INF]  Request starting HTTP/2 GET https://localhost:7183/_vs/browserLink - -
[2022-09-04 16:28:46.308 +03:00  INF]  Request starting HTTP/2 GET https://localhost:7183/swagger/swagger-ui-standalone-preset.js - -
[2022-09-04 16:28:46.308 +03:00  INF]  Request starting HTTP/2 GET https://localhost:7183/swagger/swagger-ui.css - -
[2022-09-04 16:28:46.308 +03:00  INF]  Request finished HTTP/2 GET https://localhost:7183/swagger/index.html - - - 200 - text/html;charset=utf-8 163.1553ms
[2022-09-04 16:28:46.314 +03:00  INF]  Request finished HTTP/2 GET https://localhost:7183/_framework/aspnetcore-browser-refresh.js - - - 200 12000 application/javascript;+charset=utf-8 6.4922ms
[2022-09-04 16:28:46.356 +03:00  INF]  Sending file. Request path: '/swagger-ui-standalone-preset.js'. Physical path: 'N/A'
[2022-09-04 16:28:46.356 +03:00  INF]  Sending file. Request path: '/swagger-ui.css'. Physical path: 'N/A'
[2022-09-04 16:28:46.356 +03:00  INF]  Sending file. Request path: '/swagger-ui-bundle.js'. Physical path: 'N/A'
[2022-09-04 16:28:46.381 +03:00  INF]  Request finished HTTP/2 GET https://localhost:7183/swagger/swagger-ui.css - - - 200 143943 text/css 72.1256ms
[2022-09-04 16:28:46.382 +03:00  INF]  Request finished HTTP/2 GET https://localhost:7183/swagger/swagger-ui-bundle.js - - - 200 1096145 application/javascript 74.4013ms
[2022-09-04 16:28:46.382 +03:00  INF]  Request finished HTTP/2 GET https://localhost:7183/swagger/swagger-ui-standalone-preset.js - - - 200 339486 application/javascript 73.7063ms
[2022-09-04 16:28:46.386 +03:00  INF]  Request finished HTTP/2 GET https://localhost:7183/_vs/browserLink - - - 200 - text/javascript;+charset=UTF-8 77.5659ms
[2022-09-04 16:28:46.571 +03:00  INF]  Request starting HTTP/2 GET https://localhost:7183/swagger/v1/swagger.json - -
[2022-09-04 16:28:46.692 +03:00  INF]  Request finished HTTP/2 GET https://localhost:7183/swagger/v1/swagger.json - - - 200 - application/json;charset=utf-8 120.3876ms
[2022-09-04 16:28:49.425 +03:00  INF]  Request starting HTTP/2 GET https://localhost:7183/api/Task - -
[2022-09-04 16:28:49.434 +03:00  INF]  Executing endpoint 'TaskManager.Controllers.TaskController.GetTasksAsync (TaskManager.Api)'
[2022-09-04 16:28:49.452 +03:00  INF]  Route matched with {action = "GetTasks", controller = "Task"}. Executing controller action with signature System.Threading.Tasks.Task`1[Microsoft.AspNetCore.Mvc.IActionResult] GetTasksAsync() on controller TaskManager.Controllers.TaskController (TaskManager.Api).
[2022-09-04 16:28:49.459 +03:00  INF]  Entity Framework Core 7.0.0-preview.7.22376.2 initialized 'ApplicationDbContext' using provider 'Microsoft.EntityFrameworkCore.SqlServer:7.0.0-preview.7.22376.2' with options: None
[2022-09-04 16:28:49.787 +03:00  INF]  Executed DbCommand (64ms) [Parameters=[@__userId_0='?' (Size = 450)], CommandType='"Text"', CommandTimeout='30']
SELECT [t].[Id], [t].[CreatedTime], [t].[Email], [t].[Password], [t].[Username], [t0].[Id], [t0].[CreatedTime], [t0].[Description], [t0].[ExpirationTime], [t0].[Title], [t0].[UserId]
FROM (
    SELECT TOP(1) [u].[Id], [u].[CreatedTime], [u].[Email], [u].[Password], [u].[Username]
    FROM [User] AS [u]
    WHERE [u].[Id] = @__userId_0
) AS [t]
LEFT JOIN [Task] AS [t0] ON [t].[Id] = [t0].[UserId]
ORDER BY [t].[Id]
[2022-09-04 16:28:49.949 +03:00  INF]  Executing OkObjectResult, writing value of type 'System.Linq.Enumerable+SelectEnumerableIterator`2[[Entities.TaskEntity, Entities, Version=1.0.0.0, Culture=neutral, PublicKeyToken=null],[TaskManager.ViewModels.TaskViewModel, ViewModels, Version=1.0.0.0, Culture=neutral, PublicKeyToken=null]]'.
[2022-09-04 16:28:49.975 +03:00  INF]  Executed action TaskManager.Controllers.TaskController.GetTasksAsync (TaskManager.Api) in 517.2331ms
[2022-09-04 16:28:49.976 +03:00  INF]  Executed endpoint 'TaskManager.Controllers.TaskController.GetTasksAsync (TaskManager.Api)'
[2022-09-04 16:28:49.986 +03:00  INF]  Request finished HTTP/2 GET https://localhost:7183/api/Task - - - 200 - application/json;+charset=utf-8 561.7096ms
[2022-09-04 16:29:15.651 +03:00  INF]  Request starting HTTP/2 DELETE https://localhost:7183/api/Task/412 - -
[2022-09-04 16:29:15.653 +03:00  INF]  Executing endpoint 'TaskManager.Controllers.TaskController.DeleteTaskAsync (TaskManager.Api)'
[2022-09-04 16:29:15.666 +03:00  INF]  Route matched with {action = "DeleteTask", controller = "Task"}. Executing controller action with signature System.Threading.Tasks.Task`1[Microsoft.AspNetCore.Mvc.ActionResult] DeleteTaskAsync(System.String) on controller TaskManager.Controllers.TaskController (TaskManager.Api).
[2022-09-04 16:29:15.729 +03:00  INF]  Entity Framework Core 7.0.0-preview.7.22376.2 initialized 'ApplicationDbContext' using provider 'Microsoft.EntityFrameworkCore.SqlServer:7.0.0-preview.7.22376.2' with options: None
[2022-09-04 16:29:15.735 +03:00  INF]  Executed DbCommand (2ms) [Parameters=[@__userId_0='?' (Size = 450)], CommandType='"Text"', CommandTimeout='30']
SELECT [t].[Id], [t].[CreatedTime], [t].[Email], [t].[Password], [t].[Username], [t0].[Id], [t0].[CreatedTime], [t0].[Description], [t0].[ExpirationTime], [t0].[Title], [t0].[UserId]
FROM (
    SELECT TOP(1) [u].[Id], [u].[CreatedTime], [u].[Email], [u].[Password], [u].[Username]
    FROM [User] AS [u]
    WHERE [u].[Id] = @__userId_0
) AS [t]
LEFT JOIN [Task] AS [t0] ON [t].[Id] = [t0].[UserId]
ORDER BY [t].[Id]
[2022-09-04 16:29:15.827 +03:00  ERR]  Can not delete task with index: 412
[2022-09-04 16:29:15.898 +03:00  ERR]  Can not delete task with index: 412
[2022-09-04 16:29:15.900 +03:00  INF]  Executing ObjectResult, writing value of type 'Microsoft.AspNetCore.Mvc.ProblemDetails'.
[2022-09-04 16:29:15.901 +03:00  INF]  Executed action TaskManager.Controllers.TaskController.DeleteTaskAsync (TaskManager.Api) in 234.5247ms
[2022-09-04 16:29:15.901 +03:00  INF]  Executed endpoint 'TaskManager.Controllers.TaskController.DeleteTaskAsync (TaskManager.Api)'
[2022-09-04 16:29:15.901 +03:00  INF]  Request finished HTTP/2 DELETE https://localhost:7183/api/Task/412 - - - 400 - application/problem+json;+charset=utf-8 250.0729ms
